<?xml version="1.0" encoding="UTF-8"?>
<!-- Generated by org.testng.reporters.JUnitXMLReporter -->
<testsuite ignored="1" hostname="DESKTOP-EVTB58C" failures="0" tests="3" name="Test" time="62.799" errors="0" timestamp="2024-02-06T23:43:21 IST">
  <testcase classname="entrata.homepagetest" name="verifyLogo" time="6.441"/>
  <testcase classname="entrata.demotest" name="demotesttitle" time="5.632"/>
  <testcase classname="entrata.demotest" name="displaybutonwatchdemo" time="30.229"/>
  <testcase classname="entrata.base.BaseClass" name="@BeforeTest loadcofig" time="0.0">
    <ignored/>
  </testcase> <!-- @BeforeTest loadcofig -->
</testsuite> <!-- Test -->
