<?xml version="1.0" encoding="UTF-8"?>
<testng-results ignored="0" total="1" passed="1" failed="0" skipped="0">
  <reporter-output>
  </reporter-output>
  <suite started-at="2024-02-07T02:59:49 IST" name="Default suite" finished-at="2024-02-07T03:00:23 IST" duration-ms="34017">
    <groups>
    </groups>
    <test started-at="2024-02-07T02:59:49 IST" name="Default test" finished-at="2024-02-07T03:00:23 IST" duration-ms="34017">
      <class name="entrata.residentaltest">
        <test-method is-config="true" signature="loadcofig()[pri:0, instance:entrata.residentaltest@42e99e4a]" started-at="2024-02-07T02:59:49 IST" name="loadcofig" finished-at="2024-02-07T02:59:49 IST" duration-ms="14" status="PASS">
          <reporter-output>
          </reporter-output>
        </test-method> <!-- loadcofig -->
        <test-method is-config="true" signature="setup()[pri:0, instance:entrata.residentaltest@42e99e4a]" started-at="2024-02-07T02:59:49 IST" name="setup" finished-at="2024-02-07T02:59:55 IST" duration-ms="6341" status="PASS">
          <reporter-output>
          </reporter-output>
        </test-method> <!-- setup -->
        <test-method signature="pageurlresi()[pri:0, instance:entrata.residentaltest@42e99e4a]" started-at="2024-02-07T02:59:55 IST" name="pageurlresi" finished-at="2024-02-07T03:00:21 IST" duration-ms="26297" status="PASS">
          <reporter-output>
          </reporter-output>
        </test-method> <!-- pageurlresi -->
        <test-method is-config="true" signature="teardown()[pri:0, instance:entrata.residentaltest@42e99e4a]" started-at="2024-02-07T03:00:21 IST" name="teardown" finished-at="2024-02-07T03:00:23 IST" duration-ms="1310" status="PASS">
          <reporter-output>
          </reporter-output>
        </test-method> <!-- teardown -->
      </class> <!-- entrata.residentaltest -->
    </test> <!-- Default test -->
  </suite> <!-- Default suite -->
</testng-results>
